<?xml version="1.0" encoding="UTF-8"?>
<testsuite errors="0" failures="0" hostname="ubuntu" name="org.ks.math.VectorTest" tests="5" time="0.148" timestamp="2011-12-12T09:08:11">
  <properties />
  <testcase classname="org.ks.math.VectorTest" name="testAdd" time="0.008" />
  <testcase classname="org.ks.math.VectorTest" name="testSubtract" time="0.001" />
  <testcase classname="org.ks.math.VectorTest" name="testMultipyLambda" time="0.0" />
  <testcase classname="org.ks.math.VectorTest" name="testMultiply" time="0.001" />
  <testcase classname="org.ks.math.VectorTest" name="testLenght" time="0.0" />
  <system-out><![CDATA[]]></system-out>
  <system-err><![CDATA[]]></system-err>
</testsuite>
